[debug] [2020-07-30T13:47:14.654Z] ----------------------------------------------------------------------
[debug] [2020-07-30T13:47:14.656Z] Command:       C:\Program Files\nodejs\node.exe C:\Users\walmircastro\AppData\Roaming\npm\node_modules\firebase-tools\lib\bin\firebase.js deploy
[debug] [2020-07-30T13:47:14.656Z] CLI Version:   8.6.0
[debug] [2020-07-30T13:47:14.656Z] Platform:      win32
[debug] [2020-07-30T13:47:14.656Z] Node Version:  v12.18.1
[debug] [2020-07-30T13:47:14.657Z] Time:          Thu Jul 30 2020 10:47:14 GMT-0300 (GMT-03:00)
[debug] [2020-07-30T13:47:14.657Z] ----------------------------------------------------------------------
[debug] [2020-07-30T13:47:14.658Z] 
[debug] [2020-07-30T13:47:14.664Z] > command requires scopes: ["email","openid","https://www.googleapis.com/auth/cloudplatformprojects.readonly","https://www.googleapis.com/auth/firebase","https://www.googleapis.com/auth/cloud-platform"]
[debug] [2020-07-30T13:47:14.665Z] > authorizing via signed-in user
[debug] [2020-07-30T13:47:14.665Z] [iam] checking project projetobarbershop-1620 for permissions ["cloudfunctions.functions.create","cloudfunctions.functions.delete","cloudfunctions.functions.get","cloudfunctions.functions.list","cloudfunctions.functions.update","cloudfunctions.operations.get","firebase.projects.get","firebasedatabase.instances.update","firebasehosting.sites.update","firebaserules.releases.create","firebaserules.releases.update","firebaserules.rulesets.create"]
[debug] [2020-07-30T13:47:14.668Z] >>> HTTP REQUEST POST https://cloudresourcemanager.googleapis.com/v1/projects/projetobarbershop-1620:testIamPermissions  
 {"permissions":["cloudfunctions.functions.create","cloudfunctions.functions.delete","cloudfunctions.functions.get","cloudfunctions.functions.list","cloudfunctions.functions.update","cloudfunctions.operations.get","firebase.projects.get","firebasedatabase.instances.update","firebasehosting.sites.update","firebaserules.releases.create","firebaserules.releases.update","firebaserules.rulesets.create"]}
[debug] [2020-07-30T13:47:16.215Z] <<< HTTP RESPONSE 200 {"content-type":"application/json; charset=UTF-8","vary":"X-Origin, Referer, Origin,Accept-Encoding","date":"Thu, 30 Jul 2020 13:47:15 GMT","server":"ESF","cache-control":"private","x-xss-protection":"0","x-frame-options":"SAMEORIGIN","x-content-type-options":"nosniff","server-timing":"gfet4t7; dur=775","alt-svc":"h3-29=\":443\"; ma=2592000,h3-27=\":443\"; ma=2592000,h3-T050=\":443\"; ma=2592000,h3-Q050=\":443\"; ma=2592000,h3-Q046=\":443\"; ma=2592000,h3-Q043=\":443\"; ma=2592000,quic=\":443\"; ma=2592000; v=\"46,43\"","accept-ranges":"none","transfer-encoding":"chunked"}
[debug] [2020-07-30T13:47:16.216Z] >>> HTTP REQUEST POST https://iam.googleapis.com/v1/projects/projetobarbershop-1620/serviceAccounts/projetobarbershop-1620@appspot.gserviceaccount.com:testIamPermissions  
 {"permissions":["iam.serviceAccounts.actAs"]}
[debug] [2020-07-30T13:47:17.759Z] <<< HTTP RESPONSE 200 {"content-type":"application/json; charset=UTF-8","vary":"X-Origin, Referer, Origin,Accept-Encoding","date":"Thu, 30 Jul 2020 13:47:16 GMT","server":"ESF","cache-control":"private","x-xss-protection":"0","x-frame-options":"SAMEORIGIN","x-content-type-options":"nosniff","alt-svc":"h3-29=\":443\"; ma=2592000,h3-27=\":443\"; ma=2592000,h3-T050=\":443\"; ma=2592000,h3-Q050=\":443\"; ma=2592000,h3-Q046=\":443\"; ma=2592000,h3-Q043=\":443\"; ma=2592000,quic=\":443\"; ma=2592000; v=\"46,43\"","accept-ranges":"none","transfer-encoding":"chunked"}
[debug] [2020-07-30T13:47:17.760Z] >>> HTTP REQUEST GET https://firebase.googleapis.com/v1beta1/projects/projetobarbershop-1620  
 
[debug] [2020-07-30T13:47:18.581Z] <<< HTTP RESPONSE 200 {"content-type":"application/json; charset=UTF-8","vary":"X-Origin, Referer, Origin,Accept-Encoding","date":"Thu, 30 Jul 2020 13:47:17 GMT","server":"ESF","cache-control":"private","x-xss-protection":"0","x-frame-options":"SAMEORIGIN","x-content-type-options":"nosniff","alt-svc":"h3-29=\":443\"; ma=2592000,h3-27=\":443\"; ma=2592000,h3-T050=\":443\"; ma=2592000,h3-Q050=\":443\"; ma=2592000,h3-Q046=\":443\"; ma=2592000,h3-Q043=\":443\"; ma=2592000,quic=\":443\"; ma=2592000; v=\"46,43\"","accept-ranges":"none","transfer-encoding":"chunked"}
[info] 
[info] === Deploying to 'projetobarbershop-1620'...
[info] 
[info] i  deploying database, storage, functions, hosting 
[info] Running command: npm --prefix $Env:RESOURCE_DIR run lint
[info] +  functions: Finished running predeploy script. 
[info] i  database: checking rules syntax... 
[debug] [2020-07-30T13:47:22.407Z] >>> HTTP REQUEST PUT https://projetobarbershop-1620.firebaseio.com/.settings/rules.json?dryRun=true  
 {
  "rules": {
    ".read": "auth != null",
    ".write": "auth != null"
  }
}
[debug] [2020-07-30T13:47:23.140Z] <<< HTTP RESPONSE 200 {"server":"nginx","date":"Thu, 30 Jul 2020 13:47:22 GMT","content-type":"application/json; charset=utf-8","content-length":"15","connection":"keep-alive","access-control-allow-origin":"*","cache-control":"no-cache","strict-transport-security":"max-age=31556926; includeSubDomains; preload"}
[info] +  database: rules syntax for database projetobarbershop-1620 is valid 
[debug] [2020-07-30T13:47:23.141Z] >>> HTTP REQUEST GET https://appengine.googleapis.com/v1/apps/projetobarbershop-1620  
 
[debug] [2020-07-30T13:47:23.859Z] <<< HTTP RESPONSE 200 {"content-type":"application/json; charset=UTF-8","vary":"X-Origin, Referer, Origin,Accept-Encoding","date":"Thu, 30 Jul 2020 13:47:23 GMT","server":"ESF","cache-control":"private","x-xss-protection":"0","x-frame-options":"SAMEORIGIN","x-content-type-options":"nosniff","alt-svc":"h3-29=\":443\"; ma=2592000,h3-27=\":443\"; ma=2592000,h3-T050=\":443\"; ma=2592000,h3-Q050=\":443\"; ma=2592000,h3-Q046=\":443\"; ma=2592000,h3-Q043=\":443\"; ma=2592000,quic=\":443\"; ma=2592000; v=\"46,43\"","accept-ranges":"none","transfer-encoding":"chunked"}
[info] i  firebase.storage: checking storage.rules for compilation errors... 
[debug] [2020-07-30T13:47:23.863Z] >>> HTTP REQUEST POST https://firebaserules.googleapis.com/v1/projects/projetobarbershop-1620:test  
 {"source":{"files":[{"name":"storage.rules","content":"rules_version = '2';\nservice firebase.storage {\n  match /b/{bucket}/o {\n    match /{allPaths=**} {\n      allow read, write: if request.auth!=null;\n    }\n  }\n}\n"}]}}
[debug] [2020-07-30T13:47:23.942Z] Error: getaddrinfo EAI_AGAIN firebaserules.googleapis.com
    at GetAddrInfoReqWrap.onlookup [as oncomplete] (dns.js:66:26)
[error] 
[error] Error: Server Error. getaddrinfo EAI_AGAIN firebaserules.googleapis.com
[debug] [2020-07-30T13:50:36.684Z] ----------------------------------------------------------------------
[debug] [2020-07-30T13:50:36.686Z] Command:       C:\Program Files\nodejs\node.exe C:\Users\walmircastro\AppData\Roaming\npm\node_modules\firebase-tools\lib\bin\firebase.js deploy
[debug] [2020-07-30T13:50:36.686Z] CLI Version:   8.6.0
[debug] [2020-07-30T13:50:36.686Z] Platform:      win32
[debug] [2020-07-30T13:50:36.686Z] Node Version:  v12.18.1
[debug] [2020-07-30T13:50:36.687Z] Time:          Thu Jul 30 2020 10:50:36 GMT-0300 (GMT-03:00)
[debug] [2020-07-30T13:50:36.688Z] ----------------------------------------------------------------------
[debug] [2020-07-30T13:50:36.688Z] 
[debug] [2020-07-30T13:50:36.694Z] > command requires scopes: ["email","openid","https://www.googleapis.com/auth/cloudplatformprojects.readonly","https://www.googleapis.com/auth/firebase","https://www.googleapis.com/auth/cloud-platform"]
[debug] [2020-07-30T13:50:36.695Z] > authorizing via signed-in user
[debug] [2020-07-30T13:50:36.695Z] [iam] checking project projetobarbershop-1620 for permissions ["cloudfunctions.functions.create","cloudfunctions.functions.delete","cloudfunctions.functions.get","cloudfunctions.functions.list","cloudfunctions.functions.update","cloudfunctions.operations.get","firebase.projects.get","firebasedatabase.instances.update","firebasehosting.sites.update","firebaserules.releases.create","firebaserules.releases.update","firebaserules.rulesets.create"]
[debug] [2020-07-30T13:50:36.698Z] >>> HTTP REQUEST POST https://cloudresourcemanager.googleapis.com/v1/projects/projetobarbershop-1620:testIamPermissions  
 {"permissions":["cloudfunctions.functions.create","cloudfunctions.functions.delete","cloudfunctions.functions.get","cloudfunctions.functions.list","cloudfunctions.functions.update","cloudfunctions.operations.get","firebase.projects.get","firebasedatabase.instances.update","firebasehosting.sites.update","firebaserules.releases.create","firebaserules.releases.update","firebaserules.rulesets.create"]}
[debug] [2020-07-30T13:50:38.267Z] <<< HTTP RESPONSE 200 {"content-type":"application/json; charset=UTF-8","vary":"X-Origin, Referer, Origin,Accept-Encoding","date":"Thu, 30 Jul 2020 13:50:37 GMT","server":"ESF","cache-control":"private","x-xss-protection":"0","x-frame-options":"SAMEORIGIN","x-content-type-options":"nosniff","server-timing":"gfet4t7; dur=797","alt-svc":"h3-29=\":443\"; ma=2592000,h3-27=\":443\"; ma=2592000,h3-T050=\":443\"; ma=2592000,h3-Q050=\":443\"; ma=2592000,h3-Q046=\":443\"; ma=2592000,h3-Q043=\":443\"; ma=2592000,quic=\":443\"; ma=2592000; v=\"46,43\"","accept-ranges":"none","transfer-encoding":"chunked"}
[debug] [2020-07-30T13:50:38.268Z] >>> HTTP REQUEST POST https://iam.googleapis.com/v1/projects/projetobarbershop-1620/serviceAccounts/projetobarbershop-1620@appspot.gserviceaccount.com:testIamPermissions  
 {"permissions":["iam.serviceAccounts.actAs"]}
